0 info it worked if it ends with ok
1 verbose cli [ '/usr/bin/node',
1 verbose cli   '/usr/bin/npm',
1 verbose cli   'run',
1 verbose cli   'test',
1 verbose cli   'test/Delivery/showDelivetyList.js' ]
2 info using npm@3.5.2
3 info using node@v8.10.0
4 verbose run-script [ 'pretest', 'test', 'posttest' ]
5 info lifecycle api-tests@1.0.0~pretest: api-tests@1.0.0
6 silly lifecycle api-tests@1.0.0~pretest: no script for pretest, continuing
7 info lifecycle api-tests@1.0.0~test: api-tests@1.0.0
8 verbose lifecycle api-tests@1.0.0~test: unsafe-perm in lifecycle true
9 verbose lifecycle api-tests@1.0.0~test: PATH: /usr/share/npm/bin/node-gyp-bin:/home/pasha/Projects/dominosAPI/node_modules/.bin:/usr/local/sbin:/usr/local/bin:/usr/sbin:/usr/bin:/sbin:/bin:/usr/games:/usr/local/games:/snap/bin
10 verbose lifecycle api-tests@1.0.0~test: CWD: /home/pasha/Projects/dominosAPI
11 silly lifecycle api-tests@1.0.0~test: Args: [ '-c', 'mocha "test/Delivery/showDelivetyList.js"' ]
12 silly lifecycle api-tests@1.0.0~test: Returned: code: 1  signal: null
13 info lifecycle api-tests@1.0.0~test: Failed to exec test script
14 verbose stack Error: api-tests@1.0.0 test: `mocha "test/Delivery/showDelivetyList.js"`
14 verbose stack Exit status 1
14 verbose stack     at EventEmitter.<anonymous> (/usr/share/npm/lib/utils/lifecycle.js:232:16)
14 verbose stack     at emitTwo (events.js:126:13)
14 verbose stack     at EventEmitter.emit (events.js:214:7)
14 verbose stack     at ChildProcess.<anonymous> (/usr/share/npm/lib/utils/spawn.js:24:14)
14 verbose stack     at emitTwo (events.js:126:13)
14 verbose stack     at ChildProcess.emit (events.js:214:7)
14 verbose stack     at maybeClose (internal/child_process.js:925:16)
14 verbose stack     at Process.ChildProcess._handle.onexit (internal/child_process.js:209:5)
15 verbose pkgid api-tests@1.0.0
16 verbose cwd /home/pasha/Projects/dominosAPI
17 error Linux 5.3.0-51-generic
18 error argv "/usr/bin/node" "/usr/bin/npm" "run" "test" "test/Delivery/showDelivetyList.js"
19 error node v8.10.0
20 error npm  v3.5.2
21 error code ELIFECYCLE
22 error api-tests@1.0.0 test: `mocha "test/Delivery/showDelivetyList.js"`
22 error Exit status 1
23 error Failed at the api-tests@1.0.0 test script 'mocha "test/Delivery/showDelivetyList.js"'.
23 error Make sure you have the latest version of node.js and npm installed.
23 error If you do, this is most likely a problem with the api-tests package,
23 error not with npm itself.
23 error Tell the author that this fails on your system:
23 error     mocha "test/Delivery/showDelivetyList.js"
23 error You can get information on how to open an issue for this project with:
23 error     npm bugs api-tests
23 error Or if that isn't available, you can get their info via:
23 error     npm owner ls api-tests
23 error There is likely additional logging output above.
24 verbose exit [ 1, true ]
